{"total": {"lines":{"total":58,"covered":57,"skipped":0,"pct":98.28},"statements":{"total":59,"covered":58,"skipped":0,"pct":98.31},"functions":{"total":12,"covered":12,"skipped":0,"pct":100},"branches":{"total":54,"covered":48,"skipped":0,"pct":88.89}}
,"/home/runner/work/react-codemirror/react-codemirror/src/index.tsx": {"lines":{"total":12,"covered":11,"skipped":0,"pct":91.67},"functions":{"total":4,"covered":4,"skipped":0,"pct":100},"statements":{"total":13,"covered":12,"skipped":0,"pct":92.31},"branches":{"total":6,"covered":5,"skipped":0,"pct":83.33}}
,"/home/runner/work/react-codemirror/react-codemirror/src/useCodeMirror.ts": {"lines":{"total":45,"covered":45,"skipped":0,"pct":100},"functions":{"total":8,"covered":8,"skipped":0,"pct":100},"statements":{"total":45,"covered":45,"skipped":0,"pct":100},"branches":{"total":48,"covered":43,"skipped":0,"pct":89.58}}
,"/home/runner/work/react-codemirror/react-codemirror/src/theme/light.ts": {"lines":{"total":1,"covered":1,"skipped":0,"pct":100},"functions":{"total":0,"covered":0,"skipped":0,"pct":100},"statements":{"total":1,"covered":1,"skipped":0,"pct":100},"branches":{"total":0,"covered":0,"skipped":0,"pct":100}}
}
