{"total": {"lines":{"total":59,"covered":55,"skipped":0,"pct":93.22},"statements":{"total":60,"covered":56,"skipped":0,"pct":93.33},"functions":{"total":12,"covered":12,"skipped":0,"pct":100},"branches":{"total":56,"covered":48,"skipped":0,"pct":85.71}}
,"/home/runner/work/react-codemirror/react-codemirror/src/index.tsx": {"lines":{"total":12,"covered":11,"skipped":0,"pct":91.66},"functions":{"total":4,"covered":4,"skipped":0,"pct":100},"statements":{"total":13,"covered":12,"skipped":0,"pct":92.3},"branches":{"total":6,"covered":5,"skipped":0,"pct":83.33}}
,"/home/runner/work/react-codemirror/react-codemirror/src/useCodeMirror.ts": {"lines":{"total":46,"covered":43,"skipped":0,"pct":93.47},"functions":{"total":8,"covered":8,"skipped":0,"pct":100},"statements":{"total":46,"covered":43,"skipped":0,"pct":93.47},"branches":{"total":50,"covered":43,"skipped":0,"pct":86}}
,"/home/runner/work/react-codemirror/react-codemirror/src/theme/light.ts": {"lines":{"total":1,"covered":1,"skipped":0,"pct":100},"functions":{"total":0,"covered":0,"skipped":0,"pct":100},"statements":{"total":1,"covered":1,"skipped":0,"pct":100},"branches":{"total":0,"covered":0,"skipped":0,"pct":100}}
}
