TN:
SF:src/index.tsx
FN:65,(anonymous_0)
FN:108,(anonymous_1)
FN:109,(anonymous_2)
FN:111,(anonymous_3)
FNF:4
FNH:4
FNDA:12,(anonymous_0)
FNDA:3,(anonymous_1)
FNDA:5,(anonymous_2)
FNDA:3,(anonymous_3)
DA:65,1
DA:86,12
DA:87,12
DA:88,12
DA:108,12
DA:109,12
DA:110,5
DA:111,5
DA:112,3
DA:113,0
DA:119,12
DA:122,1
LF:12
LH:11
BRDA:70,0,0,12
BRDA:74,1,0,11
BRDA:112,2,0,0
BRDA:112,2,1,3
BRDA:119,3,0,1
BRDA:119,3,1,11
BRF:6
BRH:5
end_of_record
TN:
SF:src/useCodeMirror.ts
FN:14,useCodeMirror
FN:47,(anonymous_1)
FN:77,(anonymous_2)
FN:96,(anonymous_3)
FN:97,(anonymous_4)
FN:104,(anonymous_5)
FN:113,(anonymous_6)
FN:120,(anonymous_7)
FNF:8
FNH:8
FNDA:12,useCodeMirror
FNDA:6,(anonymous_1)
FNDA:11,(anonymous_2)
FNDA:8,(anonymous_3)
FNDA:6,(anonymous_4)
FNDA:8,(anonymous_5)
FNDA:11,(anonymous_6)
FNDA:8,(anonymous_7)
DA:33,12
DA:34,12
DA:35,12
DA:36,12
DA:37,12
DA:47,12
DA:48,6
DA:49,1
DA:50,1
DA:51,1
DA:54,12
DA:55,12
DA:56,12
DA:58,12
DA:59,12
DA:62,12
DA:63,0
DA:66,12
DA:68,12
DA:69,0
DA:72,12
DA:73,3
DA:75,12
DA:77,12
DA:78,11
DA:79,3
DA:84,3
DA:85,3
DA:86,3
DA:90,3
DA:96,12
DA:97,8
DA:98,6
DA:99,3
DA:104,12
DA:105,8
DA:106,3
DA:107,3
DA:113,12
DA:114,11
DA:115,3
DA:120,12
DA:121,8
DA:122,2
DA:126,12
LF:45
LH:43
BRDA:20,0,0,0
BRDA:22,1,0,0
BRDA:23,2,0,12
BRDA:24,3,0,12
BRDA:25,4,0,12
BRDA:26,5,0,12
BRDA:27,6,0,12
BRDA:28,7,0,12
BRDA:29,8,0,12
BRDA:30,9,0,12
BRDA:31,10,0,12
BRDA:32,11,0,12
BRDA:48,12,0,1
BRDA:48,12,1,5
BRDA:48,13,0,6
BRDA:48,13,1,3
BRDA:55,14,0,12
BRDA:55,14,1,0
BRDA:58,15,0,12
BRDA:58,15,1,0
BRDA:62,16,0,0
BRDA:62,16,1,12
BRDA:66,17,0,11
BRDA:66,17,1,1
BRDA:68,18,0,0
BRDA:68,18,1,12
BRDA:72,19,0,3
BRDA:72,19,1,9
BRDA:72,20,0,12
BRDA:72,20,1,3
BRDA:78,21,0,3
BRDA:78,21,1,8
BRDA:78,22,0,11
BRDA:78,22,1,6
BRDA:85,23,0,3
BRDA:85,23,1,0
BRDA:98,24,0,3
BRDA:98,24,1,3
BRDA:105,25,0,3
BRDA:105,25,1,5
BRDA:108,26,0,3
BRDA:108,26,1,0
BRDA:114,27,0,3
BRDA:114,27,1,8
BRDA:121,28,0,2
BRDA:121,28,1,6
BRDA:121,29,0,8
BRDA:121,29,1,4
BRF:48
BRH:40
end_of_record
TN:
SF:src/theme/light.ts
FNF:0
FNH:0
DA:3,1
LF:1
LH:1
BRF:0
BRH:0
end_of_record
