TN:
SF:src/index.tsx
FN:70,(anonymous_0)
FN:115,(anonymous_1)
FN:116,(anonymous_2)
FN:118,(anonymous_3)
FNF:4
FNH:4
FNDA:18,(anonymous_0)
FNDA:3,(anonymous_1)
FNDA:3,(anonymous_2)
FNDA:3,(anonymous_3)
DA:70,1
DA:92,18
DA:93,16
DA:94,16
DA:115,16
DA:116,16
DA:117,3
DA:118,3
DA:119,3
DA:120,0
DA:127,16
DA:128,7
DA:131,9
DA:132,9
DA:135,1
LF:15
LH:14
BRDA:75,0,0,16
BRDA:79,1,0,15
BRDA:119,2,0,0
BRDA:119,2,1,3
BRDA:127,3,0,7
BRDA:127,3,1,9
BRDA:131,4,0,9
BRDA:131,4,1,0
BRDA:132,5,0,0
BRDA:132,5,1,9
BRF:10
BRH:7
end_of_record
TN:
SF:src/useCodeMirror.ts
FN:14,useCodeMirror
FN:48,(anonymous_1)
FN:88,(anonymous_2)
FN:108,(anonymous_3)
FN:109,(anonymous_4)
FN:116,(anonymous_5)
FN:127,(anonymous_6)
FN:147,(anonymous_7)
FNF:8
FNH:8
FNDA:16,useCodeMirror
FNDA:4,(anonymous_1)
FNDA:9,(anonymous_2)
FNDA:6,(anonymous_3)
FNDA:6,(anonymous_4)
FNDA:6,(anonymous_5)
FNDA:9,(anonymous_6)
FNDA:6,(anonymous_7)
DA:34,16
DA:35,16
DA:36,16
DA:37,16
DA:38,16
DA:48,16
DA:49,4
DA:50,1
DA:51,1
DA:52,1
DA:55,16
DA:56,16
DA:57,16
DA:59,16
DA:60,16
DA:63,16
DA:64,2
DA:67,16
DA:69,15
DA:70,15
DA:72,1
DA:73,1
DA:75,0
DA:76,0
DA:79,16
DA:80,2
DA:83,16
DA:84,3
DA:86,16
DA:88,16
DA:89,9
DA:90,3
DA:95,3
DA:96,3
DA:97,3
DA:102,3
DA:108,16
DA:109,6
DA:110,6
DA:111,3
DA:116,16
DA:117,6
DA:118,3
DA:119,3
DA:120,0
DA:127,16
DA:128,9
DA:129,3
DA:147,16
DA:148,6
DA:149,2
DA:153,16
LF:52
LH:49
BRDA:20,0,0,0
BRDA:22,1,0,0
BRDA:23,2,0,16
BRDA:24,3,0,16
BRDA:25,4,0,16
BRDA:26,5,0,14
BRDA:27,6,0,16
BRDA:28,7,0,16
BRDA:29,8,0,16
BRDA:30,9,0,14
BRDA:31,10,0,16
BRDA:32,11,0,16
BRDA:49,12,0,1
BRDA:49,12,1,3
BRDA:49,13,0,4
BRDA:49,13,1,1
BRDA:56,14,0,16
BRDA:56,14,1,0
BRDA:59,15,0,16
BRDA:59,15,1,0
BRDA:63,16,0,2
BRDA:63,16,1,14
BRDA:67,17,0,15
BRDA:67,17,1,1
BRDA:67,17,2,0
BRDA:79,18,0,2
BRDA:79,18,1,14
BRDA:83,19,0,3
BRDA:83,19,1,13
BRDA:83,20,0,16
BRDA:83,20,1,3
BRDA:89,21,0,3
BRDA:89,21,1,6
BRDA:89,22,0,9
BRDA:89,22,1,6
BRDA:96,23,0,3
BRDA:96,23,1,0
BRDA:110,24,0,3
BRDA:110,24,1,3
BRDA:117,25,0,3
BRDA:117,25,1,3
BRDA:119,26,0,0
BRDA:119,26,1,3
BRDA:121,27,0,0
BRDA:121,27,1,0
BRDA:128,28,0,3
BRDA:128,28,1,6
BRDA:148,29,0,2
BRDA:148,29,1,4
BRDA:148,30,0,6
BRDA:148,30,1,4
BRF:51
BRH:42
end_of_record
TN:
SF:src/theme/light.ts
FNF:0
FNH:0
DA:3,1
LF:1
LH:1
BRF:0
BRH:0
end_of_record
